#
# There is insufficient memory for the Java Runtime Environment to continue.
# Native memory allocation (malloc) failed to allocate 293136 bytes for Chunk::new
# Possible reasons:
#   The system is out of physical RAM or swap space
#   In 32 bit mode, the process size limit was hit
# Possible solutions:
#   Reduce memory load on the system
#   Increase physical memory or swap space
#   Check if swap backing store is full
#   Use 64 bit Java on a 64 bit OS
#   Decrease Java heap size (-Xmx/-Xms)
#   Decrease number of Java threads
#   Decrease Java thread stack sizes (-Xss)
#   Set larger code cache with -XX:ReservedCodeCacheSize=
# This output file may be truncated or incomplete.
#
#  Out of Memory Error (allocation.cpp:323), pid=6920, tid=6640
#
# JRE version: Java(TM) SE Runtime Environment (7.0_79-b15) (build 1.7.0_79-b15)
# Java VM: Java HotSpot(TM) 64-Bit Server VM (24.79-b02 mixed mode windows-amd64 compressed oops)
# Failed to write core dump. Minidumps are not enabled by default on client versions of Windows
#

---------------  T H R E A D  ---------------

Current thread (0x000000000228d000):  JavaThread "C2 CompilerThread0" daemon [_thread_in_native, id=6640, stack(0x000000000aba0000,0x000000000aca0000)]

Stack: [0x000000000aba0000,0x000000000aca0000]
[error occurred during error reporting (printing stack bounds), id 0xc0000005]


[error occurred during error reporting (printing native stack), id 0xc0000005]


Current CompileTask:
C2:  16132  613             com.android.dx.ssa.back.FirstFitLocalCombiningAllocator::handleCheckCastResults (413 bytes)


---------------  P R O C E S S  ---------------

Java Threads: ( => current thread )
  0x000000000a746000 JavaThread "pool-1-thread-4" [_thread_in_Java, id=5824, stack(0x000000000b3a0000,0x000000000b4a0000)]
  0x000000000a743800 JavaThread "pool-1-thread-3" [_thread_in_Java, id=7528, stack(0x000000000b2a0000,0x000000000b3a0000)]
  0x000000000a742800 JavaThread "pool-1-thread-2" [_thread_in_Java, id=4172, stack(0x000000000b1a0000,0x000000000b2a0000)]
  0x000000000a7b3800 JavaThread "pool-2-thread-1" [_thread_blocked, id=6632, stack(0x000000000b0a0000,0x000000000b1a0000)]
  0x000000000a7db800 JavaThread "pool-1-thread-1" [_thread_in_Java, id=5328, stack(0x000000000afa0000,0x000000000b0a0000)]
  0x0000000002291800 JavaThread "Service Thread" daemon [_thread_blocked, id=7932, stack(0x000000000ada0000,0x000000000aea0000)]
  0x000000000228e800 JavaThread "C2 CompilerThread1" daemon [_thread_in_native, id=7688, stack(0x000000000aca0000,0x000000000ada0000)]
=>0x000000000228d000 JavaThread "C2 CompilerThread0" daemon [_thread_in_native, id=6640, stack(0x000000000aba0000,0x000000000aca0000)]
  0x000000000228c000 JavaThread "Attach Listener" daemon [_thread_blocked, id=4932, stack(0x000000000aaa0000,0x000000000aba0000)]
  0x00000000085aa800 JavaThread "Signal Dispatcher" daemon [_thread_blocked, id=4828, stack(0x000000000a9a0000,0x000000000aaa0000)]
  0x000000000859b000 JavaThread "Finalizer" daemon [_thread_blocked, id=8040, stack(0x000000000a4a0000,0x000000000a5a0000)]
  0x000000000859a800 JavaThread "Reference Handler" daemon [_thread_blocked, id=7148, stack(0x000000000a3a0000,0x000000000a4a0000)]
  0x00000000021a0800 JavaThread "main" [_thread_in_Java, id=3728, stack(0x0000000001ef0000,0x0000000001ff0000)]

Other Threads:
  0x0000000008595800 VMThread [stack: 0x000000000a2a0000,0x000000000a3a0000] [id=7924]
  0x0000000002295800 WatcherThread [stack: 0x000000000aea0000,0x000000000afa0000] [id=4720]

VM state:not at safepoint (normal execution)

VM Mutex/Monitor currently owned by a thread: None

Heap
 PSYoungGen      total 140288K, used 83827K [0x00000000eaa80000, 0x00000000f3880000, 0x0000000100000000)
  eden space 135168K, 58% used [0x00000000eaa80000,0x00000000ef75f440,0x00000000f2e80000)
  from space 5120K, 99% used [0x00000000f3380000,0x00000000f387d900,0x00000000f3880000)
  to   space 5120K, 0% used [0x00000000f2e80000,0x00000000f2e80000,0x00000000f3380000)
 ParOldGen       total 87040K, used 26704K [0x00000000c0000000, 0x00000000c5500000, 0x00000000eaa80000)
  object space 87040K, 30% used [0x00000000c0000000,0x00000000c1a142f0,0x00000000c5500000)
 PSPermGen       total 21504K, used 6036K [0x00000000bae00000, 0x00000000bc300000, 0x00000000c0000000)
  object space 21504K, 28% used [0x00000000bae00000,0x00000000bb3e52b0,0x00000000bc300000)

Card table byte_map: [0x0000000005360000,0x0000000005590000] byte_map_base: 0x0000000004d89000

Polling page: 0x0000000001e80000

Code Cache  [0x00000000022a0000, 0x0000000002510000, 0x00000000052a0000)
 total_blobs=838 nmethods=602 adapters=189 free_code_cache=46876Kb largest_free_block=47930432

Compilation events (10 events):
Event: 15.991 Thread 0x000000000228d000 nmethod 611 0x00000000024527d0 code [0x0000000002452960, 0x0000000002452e28]
Event: 16.007 Thread 0x000000000228d000  613             com.android.dx.ssa.back.FirstFitLocalCombiningAllocator::handleCheckCastResults (413 bytes)
Event: 16.112 Thread 0x000000000228e800 nmethod 612 0x00000000024e5050 code [0x00000000024e54c0, 0x00000000024e7270]
Event: 16.114 Thread 0x000000000228e800  614             com.android.dx.util.Bits::isEmpty (26 bytes)
Event: 16.116 Thread 0x000000000228e800 nmethod 614 0x0000000002453510 code [0x0000000002453640, 0x00000000024536d8]
Event: 16.116 Thread 0x000000000228e800  615             com.android.dx.ssa.LocalVariableInfo::getStarts (19 bytes)
Event: 16.117 Thread 0x000000000228e800 nmethod 615 0x0000000002473d10 code [0x0000000002473e40, 0x0000000002473ed8]
Event: 16.117 Thread 0x000000000228e800  616             com.android.dx.ssa.MoveParamCombiner$1::visitPhiInsn (1 bytes)
Event: 16.118 Thread 0x000000000228e800 nmethod 616 0x0000000002473b10 code [0x0000000002473c40, 0x0000000002473c98]
Event: 16.118 Thread 0x000000000228e800  617             com.android.dx.rop.code.PlainCstInsn::withNewRegisters (22 bytes)

GC Heap History (8 events):
Event: 6.103 GC heap before
{Heap before GC invocations=1 (full 0):
 PSYoungGen      total 38912K, used 33792K [0x00000000eaa80000, 0x00000000ed580000, 0x0000000100000000)
  eden space 33792K, 100% used [0x00000000eaa80000,0x00000000ecb80000,0x00000000ecb80000)
  from space 5120K, 0% used [0x00000000ed080000,0x00000000ed080000,0x00000000ed580000)
  to   space 5120K, 0% used [0x00000000ecb80000,0x00000000ecb80000,0x00000000ed080000)
 ParOldGen       total 87040K, used 0K [0x00000000c0000000, 0x00000000c5500000, 0x00000000eaa80000)
  object space 87040K, 0% used [0x00000000c0000000,0x00000000c0000000,0x00000000c5500000)
 PSPermGen       total 21504K, used 5836K [0x00000000bae00000, 0x00000000bc300000, 0x00000000c0000000)
  object space 21504K, 27% used [0x00000000bae00000,0x00000000bb3b3110,0x00000000bc300000)
Event: 6.246 GC heap after
Heap after GC invocations=1 (full 0):
 PSYoungGen      total 38912K, used 5098K [0x00000000eaa80000, 0x00000000ef680000, 0x0000000100000000)
  eden space 33792K, 0% used [0x00000000eaa80000,0x00000000eaa80000,0x00000000ecb80000)
  from space 5120K, 99% used [0x00000000ecb80000,0x00000000ed07aae8,0x00000000ed080000)
  to   space 5120K, 0% used [0x00000000ef180000,0x00000000ef180000,0x00000000ef680000)
 ParOldGen       total 87040K, used 1456K [0x00000000c0000000, 0x00000000c5500000, 0x00000000eaa80000)
  object space 87040K, 1% used [0x00000000c0000000,0x00000000c016c210,0x00000000c5500000)
 PSPermGen       total 21504K, used 5836K [0x00000000bae00000, 0x00000000bc300000, 0x00000000c0000000)
  object space 21504K, 27% used [0x00000000bae00000,0x00000000bb3b3110,0x00000000bc300000)
}
Event: 8.707 GC heap before
{Heap before GC invocations=2 (full 0):
 PSYoungGen      total 38912K, used 38890K [0x00000000eaa80000, 0x00000000ef680000, 0x0000000100000000)
  eden space 33792K, 100% used [0x00000000eaa80000,0x00000000ecb80000,0x00000000ecb80000)
  from space 5120K, 99% used [0x00000000ecb80000,0x00000000ed07aae8,0x00000000ed080000)
  to   space 5120K, 0% used [0x00000000ef180000,0x00000000ef180000,0x00000000ef680000)
 ParOldGen       total 87040K, used 1456K [0x00000000c0000000, 0x00000000c5500000, 0x00000000eaa80000)
  object space 87040K, 1% used [0x00000000c0000000,0x00000000c016c210,0x00000000c5500000)
 PSPermGen       total 21504K, used 5916K [0x00000000bae00000, 0x00000000bc300000, 0x00000000c0000000)
  object space 21504K, 27% used [0x00000000bae00000,0x00000000bb3c7250,0x00000000bc300000)
Event: 9.124 GC heap after
Heap after GC invocations=2 (full 0):
 PSYoungGen      total 72704K, used 5104K [0x00000000eaa80000, 0x00000000ef680000, 0x0000000100000000)
  eden space 67584K, 0% used [0x00000000eaa80000,0x00000000eaa80000,0x00000000eec80000)
  from space 5120K, 99% used [0x00000000ef180000,0x00000000ef67c230,0x00000000ef680000)
  to   space 5120K, 0% used [0x00000000eec80000,0x00000000eec80000,0x00000000ef180000)
 ParOldGen       total 87040K, used 5913K [0x00000000c0000000, 0x00000000c5500000, 0x00000000eaa80000)
  object space 87040K, 6% used [0x00000000c0000000,0x00000000c05c64f8,0x00000000c5500000)
 PSPermGen       total 21504K, used 5916K [0x00000000bae00000, 0x00000000bc300000, 0x00000000c0000000)
  object space 21504K, 27% used [0x00000000bae00000,0x00000000bb3c7250,0x00000000bc300000)
}
Event: 13.305 GC heap before
{Heap before GC invocations=3 (full 0):
 PSYoungGen      total 72704K, used 72688K [0x00000000eaa80000, 0x00000000ef680000, 0x0000000100000000)
  eden space 67584K, 100% used [0x00000000eaa80000,0x00000000eec80000,0x00000000eec80000)
  from space 5120K, 99% used [0x00000000ef180000,0x00000000ef67c230,0x00000000ef680000)
  to   space 5120K, 0% used [0x00000000eec80000,0x00000000eec80000,0x00000000ef180000)
 ParOldGen       total 87040K, used 5913K [0x00000000c0000000, 0x00000000c5500000, 0x00000000eaa80000)
  object space 87040K, 6% used [0x00000000c0000000,0x00000000c05c64f8,0x00000000c5500000)
 PSPermGen       total 21504K, used 5971K [0x00000000bae00000, 0x00000000bc300000, 0x00000000c0000000)
  object space 21504K, 27% used [0x00000000bae00000,0x00000000bb3d4dd0,0x00000000bc300000)
Event: 13.640 GC heap after
Heap after GC invocations=3 (full 0):
 PSYoungGen      total 72704K, used 5112K [0x00000000eaa80000, 0x00000000f3880000, 0x0000000100000000)
  eden space 67584K, 0% used [0x00000000eaa80000,0x00000000eaa80000,0x00000000eec80000)
  from space 5120K, 99% used [0x00000000eec80000,0x00000000ef17e110,0x00000000ef180000)
  to   space 5120K, 0% used [0x00000000f3380000,0x00000000f3380000,0x00000000f3880000)
 ParOldGen       total 87040K, used 16767K [0x00000000c0000000, 0x00000000c5500000, 0x00000000eaa80000)
  object space 87040K, 19% used [0x00000000c0000000,0x00000000c105fee0,0x00000000c5500000)
 PSPermGen       total 21504K, used 5971K [0x00000000bae00000, 0x00000000bc300000, 0x00000000c0000000)
  object space 21504K, 27% used [0x00000000bae00000,0x00000000bb3d4dd0,0x00000000bc300000)
}
Event: 15.116 GC heap before
{Heap before GC invocations=4 (full 0):
 PSYoungGen      total 72704K, used 72696K [0x00000000eaa80000, 0x00000000f3880000, 0x0000000100000000)
  eden space 67584K, 100% used [0x00000000eaa80000,0x00000000eec80000,0x00000000eec80000)
  from space 5120K, 99% used [0x00000000eec80000,0x00000000ef17e110,0x00000000ef180000)
  to   space 5120K, 0% used [0x00000000f3380000,0x00000000f3380000,0x00000000f3880000)
 ParOldGen       total 87040K, used 16767K [0x00000000c0000000, 0x00000000c5500000, 0x00000000eaa80000)
  object space 87040K, 19% used [0x00000000c0000000,0x00000000c105fee0,0x00000000c5500000)
 PSPermGen       total 21504K, used 6012K [0x00000000bae00000, 0x00000000bc300000, 0x00000000c0000000)
  object space 21504K, 27% used [0x00000000bae00000,0x00000000bb3df258,0x00000000bc300000)
Event: 15.348 GC heap after
Heap after GC invocations=4 (full 0):
 PSYoungGen      total 140288K, used 5110K [0x00000000eaa80000, 0x00000000f3880000, 0x0000000100000000)
  eden space 135168K, 0% used [0x00000000eaa80000,0x00000000eaa80000,0x00000000f2e80000)
  from space 5120K, 99% used [0x00000000f3380000,0x00000000f387d900,0x00000000f3880000)
  to   space 5120K, 0% used [0x00000000f2e80000,0x00000000f2e80000,0x00000000f3380000)
 ParOldGen       total 87040K, used 26704K [0x00000000c0000000, 0x00000000c5500000, 0x00000000eaa80000)
  object space 87040K, 30% used [0x00000000c0000000,0x00000000c1a142f0,0x00000000c5500000)
 PSPermGen       total 21504K, used 6012K [0x00000000bae00000, 0x00000000bc300000, 0x00000000c0000000)
  object space 21504K, 27% used [0x00000000bae00000,0x00000000bb3df258,0x00000000bc300000)
}

Deoptimization events (10 events):
Event: 14.167 Thread 0x000000000a743800 Uncommon trap: reason=bimorphic action=maybe_recompile pc=0x000000000248182c method=com.android.dx.cf.code.BytecodeArray.parseInstruction(ILcom/android/dx/cf/code/BytecodeArray$Visitor;)I @ 955
Event: 14.167 Thread 0x000000000a743800 Uncommon trap: reason=bimorphic action=maybe_recompile pc=0x000000000248182c method=com.android.dx.cf.code.BytecodeArray.parseInstruction(ILcom/android/dx/cf/code/BytecodeArray$Visitor;)I @ 955
Event: 14.167 Thread 0x000000000a743800 Uncommon trap: reason=class_check action=maybe_recompile pc=0x00000000023b77b4 method=com.android.dx.cf.code.Ropper.processBlock(Lcom/android/dx/cf/code/ByteBlock;Lcom/android/dx/cf/code/Frame;[I)V @ 777
Event: 14.168 Thread 0x000000000a743800 Uncommon trap: reason=null_check action=make_not_entrant pc=0x000000000248d644 method=com.android.dx.dex.file.FieldIdsSection.intern(Lcom/android/dx/rop/cst/CstFieldRef;)Lcom/android/dx/dex/file/FieldIdItem; @ 26
Event: 14.484 Thread 0x000000000a743800 Uncommon trap: reason=bimorphic action=maybe_recompile pc=0x00000000023edebc method=com.android.dx.ssa.LiteralOpUpgrader.tryReplacingWithConstant(Lcom/android/dx/ssa/NormalSsaInsn;)Z @ 62
Event: 14.562 Thread 0x00000000021a0800 Uncommon trap: reason=bimorphic action=maybe_recompile pc=0x00000000023edebc method=com.android.dx.ssa.LiteralOpUpgrader.tryReplacingWithConstant(Lcom/android/dx/ssa/NormalSsaInsn;)Z @ 62
Event: 14.867 Thread 0x000000000a743800 Uncommon trap: reason=unloaded action=reinterpret pc=0x0000000002492bd4 method=com.android.dx.cf.code.Ropper.addReturnBlock()V @ 45
Event: 14.867 Thread 0x000000000a743800 Uncommon trap: reason=unreached action=reinterpret pc=0x00000000023d5e6c method=com.android.dx.ssa.MoveParamCombiner$1.visitNonMoveInsn(Lcom/android/dx/ssa/NormalSsaInsn;)V @ 27
Event: 15.397 Thread 0x000000000a742800 Uncommon trap: reason=class_check action=maybe_recompile pc=0x00000000024b75c4 method=com.android.dx.cf.code.RopperMachine.run(Lcom/android/dx/cf/code/Frame;II)V @ 1024
Event: 16.119 Thread 0x000000000a7db800 Uncommon trap: reason=bimorphic action=maybe_recompile pc=0x00000000023edebc method=com.android.dx.ssa.LiteralOpUpgrader.tryReplacingWithConstant(Lcom/android/dx/ssa/NormalSsaInsn;)Z @ 62

Internal exceptions (10 events):
Event: 5.204 Thread 0x000000000a742800 Threw 0x00000000ec09ed28 at C:\re\jdk7u79\2331\hotspot\src\share\vm\prims\jvm.cpp:1304
Event: 5.357 Thread 0x000000000a746000 Threw 0x00000000ec10f268 at C:\re\jdk7u79\2331\hotspot\src\share\vm\prims\jvm.cpp:1304
Event: 5.923 Thread 0x00000000021a0800 Implicit null exception at 0x000000000235d2f7 to 0x000000000235d9d5
Event: 6.100 Thread 0x00000000021a0800 Implicit null exception at 0x0000000002362b46 to 0x0000000002363e8d
Event: 6.533 Thread 0x00000000021a0800 Threw 0x00000000eb0fb438 at C:\re\jdk7u79\2331\hotspot\src\share\vm\prims\jvm.cpp:1304
Event: 11.406 Thread 0x000000000a743800 Implicit null exception at 0x00000000024732b4 to 0x00000000024741ad
Event: 11.881 Thread 0x000000000a7db800 Implicit null exception at 0x00000000024732b4 to 0x00000000024741ad
Event: 12.304 Thread 0x000000000a7db800 Threw 0x00000000ec797768 at C:\re\jdk7u79\2331\hotspot\src\share\vm\prims\jvm.cpp:1304
Event: 12.602 Thread 0x00000000021a0800 Threw 0x00000000ed722f68 at C:\re\jdk7u79\2331\hotspot\src\share\vm\prims\jvm.cpp:1304
Event: 14.526 Thread 0x00000000021a0800 Threw 0x00000000ed1bbf08 at C:\re\jdk7u79\2331\hotspot\src\share\vm\prims\jvm.cpp:1304

Events (10 events):
Event: 15.348 Executing VM operation: ParallelGCFailedAllocation done
Event: 15.397 Thread 0x000000000a742800 Uncommon trap: trap_request=0xffffffde fr.pc=0x00000000024b75c4
Event: 15.398 Thread 0x000000000a742800 DEOPT PACKING pc=0x00000000024b75c4 sp=0x000000000b29eac0
Event: 15.398 Thread 0x000000000a742800 DEOPT UNPACKING pc=0x00000000022d9064 sp=0x000000000b29ea38 mode 2
Event: 15.495 Thread 0x000000000228e800 flushing nmethod 0x00000000023d1350
Event: 15.508 Thread 0x000000000228e800 flushing nmethod 0x0000000002424210
Event: 15.649 Thread 0x000000000228e800 flushing nmethod 0x0000000002472650
Event: 16.119 Thread 0x000000000a7db800 Uncommon trap: trap_request=0xffffffc6 fr.pc=0x00000000023edebc
Event: 16.119 Thread 0x000000000a7db800 DEOPT PACKING pc=0x00000000023edebc sp=0x000000000b09ee10
Event: 16.119 Thread 0x000000000a7db800 DEOPT UNPACKING pc=0x00000000022d9064 sp=0x000000000b09ed30 mode 2


Dynamic libraries:
0x00007ff692330000 - 0x00007ff692363000 	C:\Program Files\Java\jdk1.7.0_79\bin\java.exe
0x00007ffd07760000 - 0x00007ffd07921000 	C:\WINDOWS\SYSTEM32\ntdll.dll
0x00007ffd06d50000 - 0x00007ffd06dfd000 	C:\WINDOWS\system32\KERNEL32.DLL
0x00007ffd04c50000 - 0x00007ffd04e2d000 	C:\WINDOWS\system32\KERNELBASE.dll
0x00007ffd06af0000 - 0x00007ffd06b96000 	C:\WINDOWS\system32\ADVAPI32.dll
0x00007ffd05160000 - 0x00007ffd051fd000 	C:\WINDOWS\system32\msvcrt.dll
0x00007ffd04e90000 - 0x00007ffd04eeb000 	C:\WINDOWS\system32\sechost.dll
0x00007ffd06fd0000 - 0x00007ffd070f6000 	C:\WINDOWS\system32\RPCRT4.dll
0x00007ffd07530000 - 0x00007ffd0767e000 	C:\WINDOWS\system32\USER32.dll
0x00007ffd04fd0000 - 0x00007ffd05156000 	C:\WINDOWS\system32\GDI32.dll
0x00007ffd002a0000 - 0x00007ffd00514000 	C:\WINDOWS\WinSxS\amd64_microsoft.windows.common-controls_6595b64144ccf1df_6.0.10240.16384_none_f41f7b285750ef43\COMCTL32.dll
0x00007ffd074f0000 - 0x00007ffd07526000 	C:\WINDOWS\system32\IMM32.DLL
0x00007ffd07380000 - 0x00007ffd074dc000 	C:\WINDOWS\system32\MSCTF.dll
0x000000005de70000 - 0x000000005df42000 	C:\Program Files\Java\jdk1.7.0_79\jre\bin\msvcr100.dll
0x000000005df50000 - 0x000000005e725000 	C:\Program Files\Java\jdk1.7.0_79\jre\bin\server\jvm.dll
0x00007ffd074e0000 - 0x00007ffd074e8000 	C:\WINDOWS\system32\PSAPI.DLL
0x00007ffcfffd0000 - 0x00007ffcfffd9000 	C:\WINDOWS\SYSTEM32\WSOCK32.dll
0x00007ffd04ef0000 - 0x00007ffd04f59000 	C:\WINDOWS\system32\WS2_32.dll
0x00007ffd04f60000 - 0x00007ffd04f68000 	C:\WINDOWS\system32\NSI.dll
0x00007ffd025e0000 - 0x00007ffd02603000 	C:\WINDOWS\SYSTEM32\WINMM.dll
0x00007ffd024a0000 - 0x00007ffd024cc000 	C:\WINDOWS\SYSTEM32\WINMMBASE.dll
0x00007ffd04340000 - 0x00007ffd04384000 	C:\WINDOWS\system32\cfgmgr32.dll
0x00007ffd02b00000 - 0x00007ffd02b27000 	C:\WINDOWS\SYSTEM32\DEVOBJ.dll
0x000000005e860000 - 0x000000005e86f000 	C:\Program Files\Java\jdk1.7.0_79\jre\bin\verify.dll
0x000000005de40000 - 0x000000005de68000 	C:\Program Files\Java\jdk1.7.0_79\jre\bin\java.dll
0x000000005de20000 - 0x000000005de35000 	C:\Program Files\Java\jdk1.7.0_79\jre\bin\zip.dll
0x000000005de00000 - 0x000000005de1a000 	C:\Program Files\Java\jdk1.7.0_79\jre\bin\net.dll
0x00007ffd03a00000 - 0x00007ffd03a5d000 	C:\WINDOWS\system32\mswsock.dll
0x000000005dde0000 - 0x000000005ddf1000 	C:\Program Files\Java\jdk1.7.0_79\jre\bin\nio.dll

VM Arguments:
jvm_args: -Djava.awt.headless=true -Xmx1024M -Dfile.encoding=windows-1252 -Duser.country=IT -Duser.language=it -Duser.variant 
java_command: com.android.dx.command.Main --dex --num-threads=4 --output C:\Users\admin\Desktop\android\FitUnionParse\app\build\intermediates\pre-dexed\debug\com.android.support-appcompat-v7-23.1.1_af049c4b0fd36f01f7645ef0bec1bd8fb441f249.jar C:\Users\admin\Desktop\android\FitUnionParse\app\build\intermediates\exploded-aar\com.android.support\appcompat-v7\23.1.1\jars\classes.jar
Launcher Type: SUN_STANDARD

Environment Variables:
PATH=C:\Program Files (x86)\NVIDIA Corporation\PhysX\Common;C:\WINDOWS\system32;C:\WINDOWS;C:\WINDOWS\System32\Wbem;C:\WINDOWS\System32\WindowsPowerShell\v1.0\;C:\Program Files (x86)\Java\jre7\bin;C:\Program Files (x86)\Skype\Phone\;c:\Program Files (x86)\Java\jdk1.7.0_79\bin;c:\Program Files\Java\jdk1.7.0_79
USERNAME=admin
OS=Windows_NT
PROCESSOR_IDENTIFIER=Intel64 Family 6 Model 30 Stepping 5, GenuineIntel



---------------  S Y S T E M  ---------------

OS: Windows 8.1 , 64 bit Build 9600 

CPU:total 8 (4 cores per cpu, 2 threads per core) family 6 model 30 stepping 5, cmov, cx8, fxsr, mmx, sse, sse2, sse3, ssse3, sse4.1, sse4.2, popcnt, ht, tsc, tscinvbit

Memory: 4k page, physical 8379256k(2896008k free), swap 8379256k(90244k free)

vm_info: Java HotSpot(TM) 64-Bit Server VM (24.79-b02) for windows-amd64 JRE (1.7.0_79-b15), built on Apr 10 2015 12:36:16 by "java_re" with unknown MS VC++:1600

time: Sat Mar 05 20:51:04 2016
elapsed time: 16 seconds

